The system is: Linux - 4.9.0-13-amd64 - x86_64
Compiling the CXX compiler identification source file "CMakeCXXCompilerId.cpp" succeeded.
Compiler: /home/c85980/ins_gcc/bin/c++ 
Build flags: 
Id flags:  

The output was:
0


Compilation of the CXX compiler identification source "CMakeCXXCompilerId.cpp" produced "a.out"

The CXX compiler identification is GNU, found in "/home/c85980/hpk/src/build/CMakeFiles/3.12.1/CompilerIdCXX/a.out"

Determining if the CXX compiler works passed with the following output:
Change Dir: /home/c85980/hpk/src/build/CMakeFiles/CMakeTmp

Run Build Command:"/usr/bin/make" "cmTC_19fd7/fast"
/usr/bin/make -f CMakeFiles/cmTC_19fd7.dir/build.make CMakeFiles/cmTC_19fd7.dir/build
make[1] : on entre dans le répertoire « /home/c85980/hpk/src/build/CMakeFiles/CMakeTmp »
Building CXX object CMakeFiles/cmTC_19fd7.dir/testCXXCompiler.cxx.o
/home/c85980/ins_gcc/bin/c++     -o CMakeFiles/cmTC_19fd7.dir/testCXXCompiler.cxx.o -c /home/c85980/hpk/src/build/CMakeFiles/CMakeTmp/testCXXCompiler.cxx
Linking CXX executable cmTC_19fd7
/opt/cmake/3.12.1/bin/cmake -E cmake_link_script CMakeFiles/cmTC_19fd7.dir/link.txt --verbose=1
/home/c85980/ins_gcc/bin/c++       CMakeFiles/cmTC_19fd7.dir/testCXXCompiler.cxx.o  -o cmTC_19fd7 
make[1] : on quitte le répertoire « /home/c85980/hpk/src/build/CMakeFiles/CMakeTmp »


Detecting CXX compiler ABI info compiled with the following output:
Change Dir: /home/c85980/hpk/src/build/CMakeFiles/CMakeTmp

Run Build Command:"/usr/bin/make" "cmTC_4f57d/fast"
/usr/bin/make -f CMakeFiles/cmTC_4f57d.dir/build.make CMakeFiles/cmTC_4f57d.dir/build
make[1] : on entre dans le répertoire « /home/c85980/hpk/src/build/CMakeFiles/CMakeTmp »
Building CXX object CMakeFiles/cmTC_4f57d.dir/CMakeCXXCompilerABI.cpp.o
/home/c85980/ins_gcc/bin/c++     -o CMakeFiles/cmTC_4f57d.dir/CMakeCXXCompilerABI.cpp.o -c /opt/cmake/3.12.1/share/cmake-3.12/Modules/CMakeCXXCompilerABI.cpp
Linking CXX executable cmTC_4f57d
/opt/cmake/3.12.1/bin/cmake -E cmake_link_script CMakeFiles/cmTC_4f57d.dir/link.txt --verbose=1
/home/c85980/ins_gcc/bin/c++      -v CMakeFiles/cmTC_4f57d.dir/CMakeCXXCompilerABI.cpp.o  -o cmTC_4f57d 
Utilisation des specs internes.
COLLECT_GCC=/home/c85980/ins_gcc/bin/c++
COLLECT_LTO_WRAPPER=/home/c85980/ins_gcc/libexec/gcc/x86_64-pc-linux-gnu/10.1.0/lto-wrapper
Cible : x86_64-pc-linux-gnu
Configuré avec: ../gcc-10.1.0/configure --enable-languages=c,c++ --disable-multilib --prefix=/home/c85980/ins_gcc/
Modèle de thread: posix
Algorithmes de compression LTO supportés: zlib
gcc version 10.1.0 (GCC) 
COMPILER_PATH=/home/c85980/ins_gcc/libexec/gcc/x86_64-pc-linux-gnu/10.1.0/:/home/c85980/ins_gcc/libexec/gcc/x86_64-pc-linux-gnu/10.1.0/:/home/c85980/ins_gcc/libexec/gcc/x86_64-pc-linux-gnu/:/home/c85980/ins_gcc/lib/gcc/x86_64-pc-linux-gnu/10.1.0/:/home/c85980/ins_gcc/lib/gcc/x86_64-pc-linux-gnu/
LIBRARY_PATH=/home/c85980/ins_gcc/lib64/../lib64/:/home/c85980/ins_gcc/lib/../lib64/:/home/c85980/ins_gcc/lib/gcc/x86_64-pc-linux-gnu/10.1.0/:/home/c85980/ins_gcc/lib/gcc/x86_64-pc-linux-gnu/10.1.0/../../../../lib64/:/lib/x86_64-linux-gnu/:/lib/../lib64/:/usr/lib/x86_64-linux-gnu/:/home/c85980/ins_gcc/lib64/:/home/c85980/ins_gcc/lib/:/home/c85980/ins_gcc/lib/gcc/x86_64-pc-linux-gnu/10.1.0/:/home/c85980/intel/tbb/lib/intel64/gcc4.8/:/home/c85980/ins_gcc/lib/gcc/x86_64-pc-linux-gnu/10.1.0/../../../:/lib/:/usr/lib/
COLLECT_GCC_OPTIONS='-v' '-o' 'cmTC_4f57d' '-shared-libgcc' '-mtune=generic' '-march=x86-64'
 /home/c85980/ins_gcc/libexec/gcc/x86_64-pc-linux-gnu/10.1.0/collect2 -plugin /home/c85980/ins_gcc/libexec/gcc/x86_64-pc-linux-gnu/10.1.0/liblto_plugin.so -plugin-opt=/home/c85980/ins_gcc/libexec/gcc/x86_64-pc-linux-gnu/10.1.0/lto-wrapper -plugin-opt=-fresolution=/tmp/ccgUHMWV.res -plugin-opt=-pass-through=-lgcc_s -plugin-opt=-pass-through=-lgcc -plugin-opt=-pass-through=-lc -plugin-opt=-pass-through=-lgcc_s -plugin-opt=-pass-through=-lgcc --eh-frame-hdr -m elf_x86_64 -dynamic-linker /lib64/ld-linux-x86-64.so.2 -o cmTC_4f57d /usr/lib/x86_64-linux-gnu/crt1.o /usr/lib/x86_64-linux-gnu/crti.o /home/c85980/ins_gcc/lib/gcc/x86_64-pc-linux-gnu/10.1.0/crtbegin.o -L/home/c85980/ins_gcc/lib64/../lib64 -L/home/c85980/ins_gcc/lib/../lib64 -L/home/c85980/ins_gcc/lib/gcc/x86_64-pc-linux-gnu/10.1.0 -L/home/c85980/ins_gcc/lib/gcc/x86_64-pc-linux-gnu/10.1.0/../../../../lib64 -L/lib/x86_64-linux-gnu -L/lib/../lib64 -L/usr/lib/x86_64-linux-gnu -L/home/c85980/ins_gcc/lib64 -L/home/c85980/ins_gcc/lib -L/home/c85980/ins_gcc/lib/gcc/x86_64-pc-linux-gnu/10.1.0 -L/home/c85980/intel/tbb/lib/intel64/gcc4.8 -L/home/c85980/ins_gcc/lib/gcc/x86_64-pc-linux-gnu/10.1.0/../../.. CMakeFiles/cmTC_4f57d.dir/CMakeCXXCompilerABI.cpp.o -lstdc++ -lm -lgcc_s -lgcc -lc -lgcc_s -lgcc /home/c85980/ins_gcc/lib/gcc/x86_64-pc-linux-gnu/10.1.0/crtend.o /usr/lib/x86_64-linux-gnu/crtn.o
COLLECT_GCC_OPTIONS='-v' '-o' 'cmTC_4f57d' '-shared-libgcc' '-mtune=generic' '-march=x86-64'
make[1] : on quitte le répertoire « /home/c85980/hpk/src/build/CMakeFiles/CMakeTmp »


Parsed CXX implicit link information from above output:
  link line regex: [^( *|.*[/\])(ld|CMAKE_LINK_STARTFILE-NOTFOUND|([^/\]+-)?ld|collect2)[^/\]*( |$)]
  ignore line: [Change Dir: /home/c85980/hpk/src/build/CMakeFiles/CMakeTmp]
  ignore line: []
  ignore line: [Run Build Command:"/usr/bin/make" "cmTC_4f57d/fast"]
  ignore line: [/usr/bin/make -f CMakeFiles/cmTC_4f57d.dir/build.make CMakeFiles/cmTC_4f57d.dir/build]
  ignore line: [make[1] : on entre dans le répertoire « /home/c85980/hpk/src/build/CMakeFiles/CMakeTmp »]
  ignore line: [Building CXX object CMakeFiles/cmTC_4f57d.dir/CMakeCXXCompilerABI.cpp.o]
  ignore line: [/home/c85980/ins_gcc/bin/c++     -o CMakeFiles/cmTC_4f57d.dir/CMakeCXXCompilerABI.cpp.o -c /opt/cmake/3.12.1/share/cmake-3.12/Modules/CMakeCXXCompilerABI.cpp]
  ignore line: [Linking CXX executable cmTC_4f57d]
  ignore line: [/opt/cmake/3.12.1/bin/cmake -E cmake_link_script CMakeFiles/cmTC_4f57d.dir/link.txt --verbose=1]
  ignore line: [/home/c85980/ins_gcc/bin/c++      -v CMakeFiles/cmTC_4f57d.dir/CMakeCXXCompilerABI.cpp.o  -o cmTC_4f57d ]
  ignore line: [Utilisation des specs internes.]
  ignore line: [COLLECT_GCC=/home/c85980/ins_gcc/bin/c++]
  ignore line: [COLLECT_LTO_WRAPPER=/home/c85980/ins_gcc/libexec/gcc/x86_64-pc-linux-gnu/10.1.0/lto-wrapper]
  ignore line: [Cible : x86_64-pc-linux-gnu]
  ignore line: [Configuré avec: ../gcc-10.1.0/configure --enable-languages=c,c++ --disable-multilib --prefix=/home/c85980/ins_gcc/]
  ignore line: [Modèle de thread: posix]
  ignore line: [Algorithmes de compression LTO supportés: zlib]
  ignore line: [gcc version 10.1.0 (GCC) ]
  ignore line: [COMPILER_PATH=/home/c85980/ins_gcc/libexec/gcc/x86_64-pc-linux-gnu/10.1.0/:/home/c85980/ins_gcc/libexec/gcc/x86_64-pc-linux-gnu/10.1.0/:/home/c85980/ins_gcc/libexec/gcc/x86_64-pc-linux-gnu/:/home/c85980/ins_gcc/lib/gcc/x86_64-pc-linux-gnu/10.1.0/:/home/c85980/ins_gcc/lib/gcc/x86_64-pc-linux-gnu/]
  ignore line: [LIBRARY_PATH=/home/c85980/ins_gcc/lib64/../lib64/:/home/c85980/ins_gcc/lib/../lib64/:/home/c85980/ins_gcc/lib/gcc/x86_64-pc-linux-gnu/10.1.0/:/home/c85980/ins_gcc/lib/gcc/x86_64-pc-linux-gnu/10.1.0/../../../../lib64/:/lib/x86_64-linux-gnu/:/lib/../lib64/:/usr/lib/x86_64-linux-gnu/:/home/c85980/ins_gcc/lib64/:/home/c85980/ins_gcc/lib/:/home/c85980/ins_gcc/lib/gcc/x86_64-pc-linux-gnu/10.1.0/:/home/c85980/intel/tbb/lib/intel64/gcc4.8/:/home/c85980/ins_gcc/lib/gcc/x86_64-pc-linux-gnu/10.1.0/../../../:/lib/:/usr/lib/]
  ignore line: [COLLECT_GCC_OPTIONS='-v' '-o' 'cmTC_4f57d' '-shared-libgcc' '-mtune=generic' '-march=x86-64']
  link line: [ /home/c85980/ins_gcc/libexec/gcc/x86_64-pc-linux-gnu/10.1.0/collect2 -plugin /home/c85980/ins_gcc/libexec/gcc/x86_64-pc-linux-gnu/10.1.0/liblto_plugin.so -plugin-opt=/home/c85980/ins_gcc/libexec/gcc/x86_64-pc-linux-gnu/10.1.0/lto-wrapper -plugin-opt=-fresolution=/tmp/ccgUHMWV.res -plugin-opt=-pass-through=-lgcc_s -plugin-opt=-pass-through=-lgcc -plugin-opt=-pass-through=-lc -plugin-opt=-pass-through=-lgcc_s -plugin-opt=-pass-through=-lgcc --eh-frame-hdr -m elf_x86_64 -dynamic-linker /lib64/ld-linux-x86-64.so.2 -o cmTC_4f57d /usr/lib/x86_64-linux-gnu/crt1.o /usr/lib/x86_64-linux-gnu/crti.o /home/c85980/ins_gcc/lib/gcc/x86_64-pc-linux-gnu/10.1.0/crtbegin.o -L/home/c85980/ins_gcc/lib64/../lib64 -L/home/c85980/ins_gcc/lib/../lib64 -L/home/c85980/ins_gcc/lib/gcc/x86_64-pc-linux-gnu/10.1.0 -L/home/c85980/ins_gcc/lib/gcc/x86_64-pc-linux-gnu/10.1.0/../../../../lib64 -L/lib/x86_64-linux-gnu -L/lib/../lib64 -L/usr/lib/x86_64-linux-gnu -L/home/c85980/ins_gcc/lib64 -L/home/c85980/ins_gcc/lib -L/home/c85980/ins_gcc/lib/gcc/x86_64-pc-linux-gnu/10.1.0 -L/home/c85980/intel/tbb/lib/intel64/gcc4.8 -L/home/c85980/ins_gcc/lib/gcc/x86_64-pc-linux-gnu/10.1.0/../../.. CMakeFiles/cmTC_4f57d.dir/CMakeCXXCompilerABI.cpp.o -lstdc++ -lm -lgcc_s -lgcc -lc -lgcc_s -lgcc /home/c85980/ins_gcc/lib/gcc/x86_64-pc-linux-gnu/10.1.0/crtend.o /usr/lib/x86_64-linux-gnu/crtn.o]
    arg [/home/c85980/ins_gcc/libexec/gcc/x86_64-pc-linux-gnu/10.1.0/collect2] ==> ignore
    arg [-plugin] ==> ignore
    arg [/home/c85980/ins_gcc/libexec/gcc/x86_64-pc-linux-gnu/10.1.0/liblto_plugin.so] ==> ignore
    arg [-plugin-opt=/home/c85980/ins_gcc/libexec/gcc/x86_64-pc-linux-gnu/10.1.0/lto-wrapper] ==> ignore
    arg [-plugin-opt=-fresolution=/tmp/ccgUHMWV.res] ==> ignore
    arg [-plugin-opt=-pass-through=-lgcc_s] ==> ignore
    arg [-plugin-opt=-pass-through=-lgcc] ==> ignore
    arg [-plugin-opt=-pass-through=-lc] ==> ignore
    arg [-plugin-opt=-pass-through=-lgcc_s] ==> ignore
    arg [-plugin-opt=-pass-through=-lgcc] ==> ignore
    arg [--eh-frame-hdr] ==> ignore
    arg [-m] ==> ignore
    arg [elf_x86_64] ==> ignore
    arg [-dynamic-linker] ==> ignore
    arg [/lib64/ld-linux-x86-64.so.2] ==> ignore
    arg [-o] ==> ignore
    arg [cmTC_4f57d] ==> ignore
    arg [/usr/lib/x86_64-linux-gnu/crt1.o] ==> ignore
    arg [/usr/lib/x86_64-linux-gnu/crti.o] ==> ignore
    arg [/home/c85980/ins_gcc/lib/gcc/x86_64-pc-linux-gnu/10.1.0/crtbegin.o] ==> ignore
    arg [-L/home/c85980/ins_gcc/lib64/../lib64] ==> dir [/home/c85980/ins_gcc/lib64/../lib64]
    arg [-L/home/c85980/ins_gcc/lib/../lib64] ==> dir [/home/c85980/ins_gcc/lib/../lib64]
    arg [-L/home/c85980/ins_gcc/lib/gcc/x86_64-pc-linux-gnu/10.1.0] ==> dir [/home/c85980/ins_gcc/lib/gcc/x86_64-pc-linux-gnu/10.1.0]
    arg [-L/home/c85980/ins_gcc/lib/gcc/x86_64-pc-linux-gnu/10.1.0/../../../../lib64] ==> dir [/home/c85980/ins_gcc/lib/gcc/x86_64-pc-linux-gnu/10.1.0/../../../../lib64]
    arg [-L/lib/x86_64-linux-gnu] ==> dir [/lib/x86_64-linux-gnu]
    arg [-L/lib/../lib64] ==> dir [/lib/../lib64]
    arg [-L/usr/lib/x86_64-linux-gnu] ==> dir [/usr/lib/x86_64-linux-gnu]
    arg [-L/home/c85980/ins_gcc/lib64] ==> dir [/home/c85980/ins_gcc/lib64]
    arg [-L/home/c85980/ins_gcc/lib] ==> dir [/home/c85980/ins_gcc/lib]
    arg [-L/home/c85980/ins_gcc/lib/gcc/x86_64-pc-linux-gnu/10.1.0] ==> dir [/home/c85980/ins_gcc/lib/gcc/x86_64-pc-linux-gnu/10.1.0]
    arg [-L/home/c85980/intel/tbb/lib/intel64/gcc4.8] ==> dir [/home/c85980/intel/tbb/lib/intel64/gcc4.8]
    arg [-L/home/c85980/ins_gcc/lib/gcc/x86_64-pc-linux-gnu/10.1.0/../../..] ==> dir [/home/c85980/ins_gcc/lib/gcc/x86_64-pc-linux-gnu/10.1.0/../../..]
    arg [CMakeFiles/cmTC_4f57d.dir/CMakeCXXCompilerABI.cpp.o] ==> ignore
    arg [-lstdc++] ==> lib [stdc++]
    arg [-lm] ==> lib [m]
    arg [-lgcc_s] ==> lib [gcc_s]
    arg [-lgcc] ==> lib [gcc]
    arg [-lc] ==> lib [c]
    arg [-lgcc_s] ==> lib [gcc_s]
    arg [-lgcc] ==> lib [gcc]
    arg [/home/c85980/ins_gcc/lib/gcc/x86_64-pc-linux-gnu/10.1.0/crtend.o] ==> ignore
    arg [/usr/lib/x86_64-linux-gnu/crtn.o] ==> ignore
  collapse library dir [/home/c85980/ins_gcc/lib64/../lib64] ==> [/home/c85980/ins_gcc/lib64]
  collapse library dir [/home/c85980/ins_gcc/lib/../lib64] ==> [/home/c85980/ins_gcc/lib64]
  collapse library dir [/home/c85980/ins_gcc/lib/gcc/x86_64-pc-linux-gnu/10.1.0] ==> [/home/c85980/ins_gcc/lib/gcc/x86_64-pc-linux-gnu/10.1.0]
  collapse library dir [/home/c85980/ins_gcc/lib/gcc/x86_64-pc-linux-gnu/10.1.0/../../../../lib64] ==> [/home/c85980/ins_gcc/lib64]
  collapse library dir [/lib/x86_64-linux-gnu] ==> [/lib/x86_64-linux-gnu]
  collapse library dir [/lib/../lib64] ==> [/lib64]
  collapse library dir [/usr/lib/x86_64-linux-gnu] ==> [/usr/lib/x86_64-linux-gnu]
  collapse library dir [/home/c85980/ins_gcc/lib64] ==> [/home/c85980/ins_gcc/lib64]
  collapse library dir [/home/c85980/ins_gcc/lib] ==> [/home/c85980/ins_gcc/lib]
  collapse library dir [/home/c85980/ins_gcc/lib/gcc/x86_64-pc-linux-gnu/10.1.0] ==> [/home/c85980/ins_gcc/lib/gcc/x86_64-pc-linux-gnu/10.1.0]
  collapse library dir [/home/c85980/intel/tbb/lib/intel64/gcc4.8] ==> [/home/c85980/intel/tbb/lib/intel64/gcc4.8]
  collapse library dir [/home/c85980/ins_gcc/lib/gcc/x86_64-pc-linux-gnu/10.1.0/../../..] ==> [/home/c85980/ins_gcc/lib]
  implicit libs: [stdc++;m;gcc_s;gcc;c;gcc_s;gcc]
  implicit dirs: [/home/c85980/ins_gcc/lib64;/home/c85980/ins_gcc/lib/gcc/x86_64-pc-linux-gnu/10.1.0;/lib/x86_64-linux-gnu;/lib64;/usr/lib/x86_64-linux-gnu;/home/c85980/ins_gcc/lib;/home/c85980/intel/tbb/lib/intel64/gcc4.8]
  implicit fwks: []




Detecting CXX [-std=c++2a] compiler features compiled with the following output:
Change Dir: /home/c85980/hpk/src/build/CMakeFiles/CMakeTmp

Run Build Command:"/usr/bin/make" "cmTC_9e1b6/fast"
/usr/bin/make -f CMakeFiles/cmTC_9e1b6.dir/build.make CMakeFiles/cmTC_9e1b6.dir/build
make[1] : on entre dans le répertoire « /home/c85980/hpk/src/build/CMakeFiles/CMakeTmp »
Building CXX object CMakeFiles/cmTC_9e1b6.dir/feature_tests.cxx.o
/home/c85980/ins_gcc/bin/c++    -std=c++2a -o CMakeFiles/cmTC_9e1b6.dir/feature_tests.cxx.o -c /home/c85980/hpk/src/build/CMakeFiles/feature_tests.cxx
Linking CXX executable cmTC_9e1b6
/opt/cmake/3.12.1/bin/cmake -E cmake_link_script CMakeFiles/cmTC_9e1b6.dir/link.txt --verbose=1
/home/c85980/ins_gcc/bin/c++       CMakeFiles/cmTC_9e1b6.dir/feature_tests.cxx.o  -o cmTC_9e1b6 
make[1] : on quitte le répertoire « /home/c85980/hpk/src/build/CMakeFiles/CMakeTmp »


    Feature record: CXX_FEATURE:1cxx_aggregate_default_initializers
    Feature record: CXX_FEATURE:1cxx_alias_templates
    Feature record: CXX_FEATURE:1cxx_alignas
    Feature record: CXX_FEATURE:1cxx_alignof
    Feature record: CXX_FEATURE:1cxx_attributes
    Feature record: CXX_FEATURE:1cxx_attribute_deprecated
    Feature record: CXX_FEATURE:1cxx_auto_type
    Feature record: CXX_FEATURE:1cxx_binary_literals
    Feature record: CXX_FEATURE:1cxx_constexpr
    Feature record: CXX_FEATURE:1cxx_contextual_conversions
    Feature record: CXX_FEATURE:1cxx_decltype
    Feature record: CXX_FEATURE:1cxx_decltype_auto
    Feature record: CXX_FEATURE:1cxx_decltype_incomplete_return_types
    Feature record: CXX_FEATURE:1cxx_default_function_template_args
    Feature record: CXX_FEATURE:1cxx_defaulted_functions
    Feature record: CXX_FEATURE:1cxx_defaulted_move_initializers
    Feature record: CXX_FEATURE:1cxx_delegating_constructors
    Feature record: CXX_FEATURE:1cxx_deleted_functions
    Feature record: CXX_FEATURE:1cxx_digit_separators
    Feature record: CXX_FEATURE:1cxx_enum_forward_declarations
    Feature record: CXX_FEATURE:1cxx_explicit_conversions
    Feature record: CXX_FEATURE:1cxx_extended_friend_declarations
    Feature record: CXX_FEATURE:1cxx_extern_templates
    Feature record: CXX_FEATURE:1cxx_final
    Feature record: CXX_FEATURE:1cxx_func_identifier
    Feature record: CXX_FEATURE:1cxx_generalized_initializers
    Feature record: CXX_FEATURE:1cxx_generic_lambdas
    Feature record: CXX_FEATURE:1cxx_inheriting_constructors
    Feature record: CXX_FEATURE:1cxx_inline_namespaces
    Feature record: CXX_FEATURE:1cxx_lambdas
    Feature record: CXX_FEATURE:1cxx_lambda_init_captures
    Feature record: CXX_FEATURE:1cxx_local_type_template_args
    Feature record: CXX_FEATURE:1cxx_long_long_type
    Feature record: CXX_FEATURE:1cxx_noexcept
    Feature record: CXX_FEATURE:1cxx_nonstatic_member_init
    Feature record: CXX_FEATURE:1cxx_nullptr
    Feature record: CXX_FEATURE:1cxx_override
    Feature record: CXX_FEATURE:1cxx_range_for
    Feature record: CXX_FEATURE:1cxx_raw_string_literals
    Feature record: CXX_FEATURE:1cxx_reference_qualified_functions
    Feature record: CXX_FEATURE:1cxx_relaxed_constexpr
    Feature record: CXX_FEATURE:1cxx_return_type_deduction
    Feature record: CXX_FEATURE:1cxx_right_angle_brackets
    Feature record: CXX_FEATURE:1cxx_rvalue_references
    Feature record: CXX_FEATURE:1cxx_sizeof_member
    Feature record: CXX_FEATURE:1cxx_static_assert
    Feature record: CXX_FEATURE:1cxx_strong_enums
    Feature record: CXX_FEATURE:1cxx_template_template_parameters
    Feature record: CXX_FEATURE:1cxx_thread_local
    Feature record: CXX_FEATURE:1cxx_trailing_return_types
    Feature record: CXX_FEATURE:1cxx_unicode_literals
    Feature record: CXX_FEATURE:1cxx_uniform_initialization
    Feature record: CXX_FEATURE:1cxx_unrestricted_unions
    Feature record: CXX_FEATURE:1cxx_user_literals
    Feature record: CXX_FEATURE:1cxx_variable_templates
    Feature record: CXX_FEATURE:1cxx_variadic_macros
    Feature record: CXX_FEATURE:1cxx_variadic_templates


Detecting CXX [-std=c++17] compiler features compiled with the following output:
Change Dir: /home/c85980/hpk/src/build/CMakeFiles/CMakeTmp

Run Build Command:"/usr/bin/make" "cmTC_cc6c0/fast"
/usr/bin/make -f CMakeFiles/cmTC_cc6c0.dir/build.make CMakeFiles/cmTC_cc6c0.dir/build
make[1] : on entre dans le répertoire « /home/c85980/hpk/src/build/CMakeFiles/CMakeTmp »
Building CXX object CMakeFiles/cmTC_cc6c0.dir/feature_tests.cxx.o
/home/c85980/ins_gcc/bin/c++    -std=c++17 -o CMakeFiles/cmTC_cc6c0.dir/feature_tests.cxx.o -c /home/c85980/hpk/src/build/CMakeFiles/feature_tests.cxx
Linking CXX executable cmTC_cc6c0
/opt/cmake/3.12.1/bin/cmake -E cmake_link_script CMakeFiles/cmTC_cc6c0.dir/link.txt --verbose=1
/home/c85980/ins_gcc/bin/c++       CMakeFiles/cmTC_cc6c0.dir/feature_tests.cxx.o  -o cmTC_cc6c0 
make[1] : on quitte le répertoire « /home/c85980/hpk/src/build/CMakeFiles/CMakeTmp »


    Feature record: CXX_FEATURE:1cxx_aggregate_default_initializers
    Feature record: CXX_FEATURE:1cxx_alias_templates
    Feature record: CXX_FEATURE:1cxx_alignas
    Feature record: CXX_FEATURE:1cxx_alignof
    Feature record: CXX_FEATURE:1cxx_attributes
    Feature record: CXX_FEATURE:1cxx_attribute_deprecated
    Feature record: CXX_FEATURE:1cxx_auto_type
    Feature record: CXX_FEATURE:1cxx_binary_literals
    Feature record: CXX_FEATURE:1cxx_constexpr
    Feature record: CXX_FEATURE:1cxx_contextual_conversions
    Feature record: CXX_FEATURE:1cxx_decltype
    Feature record: CXX_FEATURE:1cxx_decltype_auto
    Feature record: CXX_FEATURE:1cxx_decltype_incomplete_return_types
    Feature record: CXX_FEATURE:1cxx_default_function_template_args
    Feature record: CXX_FEATURE:1cxx_defaulted_functions
    Feature record: CXX_FEATURE:1cxx_defaulted_move_initializers
    Feature record: CXX_FEATURE:1cxx_delegating_constructors
    Feature record: CXX_FEATURE:1cxx_deleted_functions
    Feature record: CXX_FEATURE:1cxx_digit_separators
    Feature record: CXX_FEATURE:1cxx_enum_forward_declarations
    Feature record: CXX_FEATURE:1cxx_explicit_conversions
    Feature record: CXX_FEATURE:1cxx_extended_friend_declarations
    Feature record: CXX_FEATURE:1cxx_extern_templates
    Feature record: CXX_FEATURE:1cxx_final
    Feature record: CXX_FEATURE:1cxx_func_identifier
    Feature record: CXX_FEATURE:1cxx_generalized_initializers
    Feature record: CXX_FEATURE:1cxx_generic_lambdas
    Feature record: CXX_FEATURE:1cxx_inheriting_constructors
    Feature record: CXX_FEATURE:1cxx_inline_namespaces
    Feature record: CXX_FEATURE:1cxx_lambdas
    Feature record: CXX_FEATURE:1cxx_lambda_init_captures
    Feature record: CXX_FEATURE:1cxx_local_type_template_args
    Feature record: CXX_FEATURE:1cxx_long_long_type
    Feature record: CXX_FEATURE:1cxx_noexcept
    Feature record: CXX_FEATURE:1cxx_nonstatic_member_init
    Feature record: CXX_FEATURE:1cxx_nullptr
    Feature record: CXX_FEATURE:1cxx_override
    Feature record: CXX_FEATURE:1cxx_range_for
    Feature record: CXX_FEATURE:1cxx_raw_string_literals
    Feature record: CXX_FEATURE:1cxx_reference_qualified_functions
    Feature record: CXX_FEATURE:1cxx_relaxed_constexpr
    Feature record: CXX_FEATURE:1cxx_return_type_deduction
    Feature record: CXX_FEATURE:1cxx_right_angle_brackets
    Feature record: CXX_FEATURE:1cxx_rvalue_references
    Feature record: CXX_FEATURE:1cxx_sizeof_member
    Feature record: CXX_FEATURE:1cxx_static_assert
    Feature record: CXX_FEATURE:1cxx_strong_enums
    Feature record: CXX_FEATURE:1cxx_template_template_parameters
    Feature record: CXX_FEATURE:1cxx_thread_local
    Feature record: CXX_FEATURE:1cxx_trailing_return_types
    Feature record: CXX_FEATURE:1cxx_unicode_literals
    Feature record: CXX_FEATURE:1cxx_uniform_initialization
    Feature record: CXX_FEATURE:1cxx_unrestricted_unions
    Feature record: CXX_FEATURE:1cxx_user_literals
    Feature record: CXX_FEATURE:1cxx_variable_templates
    Feature record: CXX_FEATURE:1cxx_variadic_macros
    Feature record: CXX_FEATURE:1cxx_variadic_templates


Detecting CXX [-std=c++14] compiler features compiled with the following output:
Change Dir: /home/c85980/hpk/src/build/CMakeFiles/CMakeTmp

Run Build Command:"/usr/bin/make" "cmTC_87df6/fast"
/usr/bin/make -f CMakeFiles/cmTC_87df6.dir/build.make CMakeFiles/cmTC_87df6.dir/build
make[1] : on entre dans le répertoire « /home/c85980/hpk/src/build/CMakeFiles/CMakeTmp »
Building CXX object CMakeFiles/cmTC_87df6.dir/feature_tests.cxx.o
/home/c85980/ins_gcc/bin/c++    -std=c++14 -o CMakeFiles/cmTC_87df6.dir/feature_tests.cxx.o -c /home/c85980/hpk/src/build/CMakeFiles/feature_tests.cxx
Linking CXX executable cmTC_87df6
/opt/cmake/3.12.1/bin/cmake -E cmake_link_script CMakeFiles/cmTC_87df6.dir/link.txt --verbose=1
/home/c85980/ins_gcc/bin/c++       CMakeFiles/cmTC_87df6.dir/feature_tests.cxx.o  -o cmTC_87df6 
make[1] : on quitte le répertoire « /home/c85980/hpk/src/build/CMakeFiles/CMakeTmp »


    Feature record: CXX_FEATURE:1cxx_aggregate_default_initializers
    Feature record: CXX_FEATURE:1cxx_alias_templates
    Feature record: CXX_FEATURE:1cxx_alignas
    Feature record: CXX_FEATURE:1cxx_alignof
    Feature record: CXX_FEATURE:1cxx_attributes
    Feature record: CXX_FEATURE:1cxx_attribute_deprecated
    Feature record: CXX_FEATURE:1cxx_auto_type
    Feature record: CXX_FEATURE:1cxx_binary_literals
    Feature record: CXX_FEATURE:1cxx_constexpr
    Feature record: CXX_FEATURE:1cxx_contextual_conversions
    Feature record: CXX_FEATURE:1cxx_decltype
    Feature record: CXX_FEATURE:1cxx_decltype_auto
    Feature record: CXX_FEATURE:1cxx_decltype_incomplete_return_types
    Feature record: CXX_FEATURE:1cxx_default_function_template_args
    Feature record: CXX_FEATURE:1cxx_defaulted_functions
    Feature record: CXX_FEATURE:1cxx_defaulted_move_initializers
    Feature record: CXX_FEATURE:1cxx_delegating_constructors
    Feature record: CXX_FEATURE:1cxx_deleted_functions
    Feature record: CXX_FEATURE:1cxx_digit_separators
    Feature record: CXX_FEATURE:1cxx_enum_forward_declarations
    Feature record: CXX_FEATURE:1cxx_explicit_conversions
    Feature record: CXX_FEATURE:1cxx_extended_friend_declarations
    Feature record: CXX_FEATURE:1cxx_extern_templates
    Feature record: CXX_FEATURE:1cxx_final
    Feature record: CXX_FEATURE:1cxx_func_identifier
    Feature record: CXX_FEATURE:1cxx_generalized_initializers
    Feature record: CXX_FEATURE:1cxx_generic_lambdas
    Feature record: CXX_FEATURE:1cxx_inheriting_constructors
    Feature record: CXX_FEATURE:1cxx_inline_namespaces
    Feature record: CXX_FEATURE:1cxx_lambdas
    Feature record: CXX_FEATURE:1cxx_lambda_init_captures
    Feature record: CXX_FEATURE:1cxx_local_type_template_args
    Feature record: CXX_FEATURE:1cxx_long_long_type
    Feature record: CXX_FEATURE:1cxx_noexcept
    Feature record: CXX_FEATURE:1cxx_nonstatic_member_init
    Feature record: CXX_FEATURE:1cxx_nullptr
    Feature record: CXX_FEATURE:1cxx_override
    Feature record: CXX_FEATURE:1cxx_range_for
    Feature record: CXX_FEATURE:1cxx_raw_string_literals
    Feature record: CXX_FEATURE:1cxx_reference_qualified_functions
    Feature record: CXX_FEATURE:1cxx_relaxed_constexpr
    Feature record: CXX_FEATURE:1cxx_return_type_deduction
    Feature record: CXX_FEATURE:1cxx_right_angle_brackets
    Feature record: CXX_FEATURE:1cxx_rvalue_references
    Feature record: CXX_FEATURE:1cxx_sizeof_member
    Feature record: CXX_FEATURE:1cxx_static_assert
    Feature record: CXX_FEATURE:1cxx_strong_enums
    Feature record: CXX_FEATURE:1cxx_template_template_parameters
    Feature record: CXX_FEATURE:1cxx_thread_local
    Feature record: CXX_FEATURE:1cxx_trailing_return_types
    Feature record: CXX_FEATURE:1cxx_unicode_literals
    Feature record: CXX_FEATURE:1cxx_uniform_initialization
    Feature record: CXX_FEATURE:1cxx_unrestricted_unions
    Feature record: CXX_FEATURE:1cxx_user_literals
    Feature record: CXX_FEATURE:1cxx_variable_templates
    Feature record: CXX_FEATURE:1cxx_variadic_macros
    Feature record: CXX_FEATURE:1cxx_variadic_templates


Detecting CXX [-std=c++11] compiler features compiled with the following output:
Change Dir: /home/c85980/hpk/src/build/CMakeFiles/CMakeTmp

Run Build Command:"/usr/bin/make" "cmTC_d099c/fast"
/usr/bin/make -f CMakeFiles/cmTC_d099c.dir/build.make CMakeFiles/cmTC_d099c.dir/build
make[1] : on entre dans le répertoire « /home/c85980/hpk/src/build/CMakeFiles/CMakeTmp »
Building CXX object CMakeFiles/cmTC_d099c.dir/feature_tests.cxx.o
/home/c85980/ins_gcc/bin/c++    -std=c++11 -o CMakeFiles/cmTC_d099c.dir/feature_tests.cxx.o -c /home/c85980/hpk/src/build/CMakeFiles/feature_tests.cxx
Linking CXX executable cmTC_d099c
/opt/cmake/3.12.1/bin/cmake -E cmake_link_script CMakeFiles/cmTC_d099c.dir/link.txt --verbose=1
/home/c85980/ins_gcc/bin/c++       CMakeFiles/cmTC_d099c.dir/feature_tests.cxx.o  -o cmTC_d099c 
make[1] : on quitte le répertoire « /home/c85980/hpk/src/build/CMakeFiles/CMakeTmp »


    Feature record: CXX_FEATURE:0cxx_aggregate_default_initializers
    Feature record: CXX_FEATURE:1cxx_alias_templates
    Feature record: CXX_FEATURE:1cxx_alignas
    Feature record: CXX_FEATURE:1cxx_alignof
    Feature record: CXX_FEATURE:1cxx_attributes
    Feature record: CXX_FEATURE:0cxx_attribute_deprecated
    Feature record: CXX_FEATURE:1cxx_auto_type
    Feature record: CXX_FEATURE:0cxx_binary_literals
    Feature record: CXX_FEATURE:1cxx_constexpr
    Feature record: CXX_FEATURE:0cxx_contextual_conversions
    Feature record: CXX_FEATURE:1cxx_decltype
    Feature record: CXX_FEATURE:0cxx_decltype_auto
    Feature record: CXX_FEATURE:1cxx_decltype_incomplete_return_types
    Feature record: CXX_FEATURE:1cxx_default_function_template_args
    Feature record: CXX_FEATURE:1cxx_defaulted_functions
    Feature record: CXX_FEATURE:1cxx_defaulted_move_initializers
    Feature record: CXX_FEATURE:1cxx_delegating_constructors
    Feature record: CXX_FEATURE:1cxx_deleted_functions
    Feature record: CXX_FEATURE:0cxx_digit_separators
    Feature record: CXX_FEATURE:1cxx_enum_forward_declarations
    Feature record: CXX_FEATURE:1cxx_explicit_conversions
    Feature record: CXX_FEATURE:1cxx_extended_friend_declarations
    Feature record: CXX_FEATURE:1cxx_extern_templates
    Feature record: CXX_FEATURE:1cxx_final
    Feature record: CXX_FEATURE:1cxx_func_identifier
    Feature record: CXX_FEATURE:1cxx_generalized_initializers
    Feature record: CXX_FEATURE:0cxx_generic_lambdas
    Feature record: CXX_FEATURE:1cxx_inheriting_constructors
    Feature record: CXX_FEATURE:1cxx_inline_namespaces
    Feature record: CXX_FEATURE:1cxx_lambdas
    Feature record: CXX_FEATURE:0cxx_lambda_init_captures
    Feature record: CXX_FEATURE:1cxx_local_type_template_args
    Feature record: CXX_FEATURE:1cxx_long_long_type
    Feature record: CXX_FEATURE:1cxx_noexcept
    Feature record: CXX_FEATURE:1cxx_nonstatic_member_init
    Feature record: CXX_FEATURE:1cxx_nullptr
    Feature record: CXX_FEATURE:1cxx_override
    Feature record: CXX_FEATURE:1cxx_range_for
    Feature record: CXX_FEATURE:1cxx_raw_string_literals
    Feature record: CXX_FEATURE:1cxx_reference_qualified_functions
    Feature record: CXX_FEATURE:0cxx_relaxed_constexpr
    Feature record: CXX_FEATURE:0cxx_return_type_deduction
    Feature record: CXX_FEATURE:1cxx_right_angle_brackets
    Feature record: CXX_FEATURE:1cxx_rvalue_references
    Feature record: CXX_FEATURE:1cxx_sizeof_member
    Feature record: CXX_FEATURE:1cxx_static_assert
    Feature record: CXX_FEATURE:1cxx_strong_enums
    Feature record: CXX_FEATURE:1cxx_template_template_parameters
    Feature record: CXX_FEATURE:1cxx_thread_local
    Feature record: CXX_FEATURE:1cxx_trailing_return_types
    Feature record: CXX_FEATURE:1cxx_unicode_literals
    Feature record: CXX_FEATURE:1cxx_uniform_initialization
    Feature record: CXX_FEATURE:1cxx_unrestricted_unions
    Feature record: CXX_FEATURE:1cxx_user_literals
    Feature record: CXX_FEATURE:0cxx_variable_templates
    Feature record: CXX_FEATURE:1cxx_variadic_macros
    Feature record: CXX_FEATURE:1cxx_variadic_templates


Detecting CXX [-std=c++98] compiler features compiled with the following output:
Change Dir: /home/c85980/hpk/src/build/CMakeFiles/CMakeTmp

Run Build Command:"/usr/bin/make" "cmTC_8becb/fast"
/usr/bin/make -f CMakeFiles/cmTC_8becb.dir/build.make CMakeFiles/cmTC_8becb.dir/build
make[1] : on entre dans le répertoire « /home/c85980/hpk/src/build/CMakeFiles/CMakeTmp »
Building CXX object CMakeFiles/cmTC_8becb.dir/feature_tests.cxx.o
/home/c85980/ins_gcc/bin/c++    -std=c++98 -o CMakeFiles/cmTC_8becb.dir/feature_tests.cxx.o -c /home/c85980/hpk/src/build/CMakeFiles/feature_tests.cxx
Linking CXX executable cmTC_8becb
/opt/cmake/3.12.1/bin/cmake -E cmake_link_script CMakeFiles/cmTC_8becb.dir/link.txt --verbose=1
/home/c85980/ins_gcc/bin/c++       CMakeFiles/cmTC_8becb.dir/feature_tests.cxx.o  -o cmTC_8becb 
make[1] : on quitte le répertoire « /home/c85980/hpk/src/build/CMakeFiles/CMakeTmp »


    Feature record: CXX_FEATURE:0cxx_aggregate_default_initializers
    Feature record: CXX_FEATURE:0cxx_alias_templates
    Feature record: CXX_FEATURE:0cxx_alignas
    Feature record: CXX_FEATURE:0cxx_alignof
    Feature record: CXX_FEATURE:0cxx_attributes
    Feature record: CXX_FEATURE:0cxx_attribute_deprecated
    Feature record: CXX_FEATURE:0cxx_auto_type
    Feature record: CXX_FEATURE:0cxx_binary_literals
    Feature record: CXX_FEATURE:0cxx_constexpr
    Feature record: CXX_FEATURE:0cxx_contextual_conversions
    Feature record: CXX_FEATURE:0cxx_decltype
    Feature record: CXX_FEATURE:0cxx_decltype_auto
    Feature record: CXX_FEATURE:0cxx_decltype_incomplete_return_types
    Feature record: CXX_FEATURE:0cxx_default_function_template_args
    Feature record: CXX_FEATURE:0cxx_defaulted_functions
    Feature record: CXX_FEATURE:0cxx_defaulted_move_initializers
    Feature record: CXX_FEATURE:0cxx_delegating_constructors
    Feature record: CXX_FEATURE:0cxx_deleted_functions
    Feature record: CXX_FEATURE:0cxx_digit_separators
    Feature record: CXX_FEATURE:0cxx_enum_forward_declarations
    Feature record: CXX_FEATURE:0cxx_explicit_conversions
    Feature record: CXX_FEATURE:0cxx_extended_friend_declarations
    Feature record: CXX_FEATURE:0cxx_extern_templates
    Feature record: CXX_FEATURE:0cxx_final
    Feature record: CXX_FEATURE:0cxx_func_identifier
    Feature record: CXX_FEATURE:0cxx_generalized_initializers
    Feature record: CXX_FEATURE:0cxx_generic_lambdas
    Feature record: CXX_FEATURE:0cxx_inheriting_constructors
    Feature record: CXX_FEATURE:0cxx_inline_namespaces
    Feature record: CXX_FEATURE:0cxx_lambdas
    Feature record: CXX_FEATURE:0cxx_lambda_init_captures
    Feature record: CXX_FEATURE:0cxx_local_type_template_args
    Feature record: CXX_FEATURE:0cxx_long_long_type
    Feature record: CXX_FEATURE:0cxx_noexcept
    Feature record: CXX_FEATURE:0cxx_nonstatic_member_init
    Feature record: CXX_FEATURE:0cxx_nullptr
    Feature record: CXX_FEATURE:0cxx_override
    Feature record: CXX_FEATURE:0cxx_range_for
    Feature record: CXX_FEATURE:0cxx_raw_string_literals
    Feature record: CXX_FEATURE:0cxx_reference_qualified_functions
    Feature record: CXX_FEATURE:0cxx_relaxed_constexpr
    Feature record: CXX_FEATURE:0cxx_return_type_deduction
    Feature record: CXX_FEATURE:0cxx_right_angle_brackets
    Feature record: CXX_FEATURE:0cxx_rvalue_references
    Feature record: CXX_FEATURE:0cxx_sizeof_member
    Feature record: CXX_FEATURE:0cxx_static_assert
    Feature record: CXX_FEATURE:0cxx_strong_enums
    Feature record: CXX_FEATURE:1cxx_template_template_parameters
    Feature record: CXX_FEATURE:0cxx_thread_local
    Feature record: CXX_FEATURE:0cxx_trailing_return_types
    Feature record: CXX_FEATURE:0cxx_unicode_literals
    Feature record: CXX_FEATURE:0cxx_uniform_initialization
    Feature record: CXX_FEATURE:0cxx_unrestricted_unions
    Feature record: CXX_FEATURE:0cxx_user_literals
    Feature record: CXX_FEATURE:0cxx_variable_templates
    Feature record: CXX_FEATURE:0cxx_variadic_macros
    Feature record: CXX_FEATURE:0cxx_variadic_templates
Determining if the function sgemm_ exists passed with the following output:
Change Dir: /home/c85980/hpk/src/build/CMakeFiles/CMakeTmp

Run Build Command:"/usr/bin/make" "cmTC_5006c/fast"
/usr/bin/make -f CMakeFiles/cmTC_5006c.dir/build.make CMakeFiles/cmTC_5006c.dir/build
make[1] : on entre dans le répertoire « /home/c85980/hpk/src/build/CMakeFiles/CMakeTmp »
Building CXX object CMakeFiles/cmTC_5006c.dir/CheckFunctionExists.cxx.o
/home/c85980/ins_gcc/bin/c++    -g -DCHECK_FUNCTION_EXISTS=sgemm_   -o CMakeFiles/cmTC_5006c.dir/CheckFunctionExists.cxx.o -c /home/c85980/hpk/src/build/CMakeFiles/CheckFunctionExists/CheckFunctionExists.cxx
Linking CXX executable cmTC_5006c
/opt/cmake/3.12.1/bin/cmake -E cmake_link_script CMakeFiles/cmTC_5006c.dir/link.txt --verbose=1
/home/c85980/ins_gcc/bin/c++   -g -DCHECK_FUNCTION_EXISTS=sgemm_    CMakeFiles/cmTC_5006c.dir/CheckFunctionExists.cxx.o  -o cmTC_5006c /usr/lib/libopenblas.so 
make[1] : on quitte le répertoire « /home/c85980/hpk/src/build/CMakeFiles/CMakeTmp »


Determining if the include file pthread.h exists passed with the following output:
Change Dir: /home/c85980/hpk/src/build/CMakeFiles/CMakeTmp

Run Build Command:"/usr/bin/make" "cmTC_0b126/fast"
/usr/bin/make -f CMakeFiles/cmTC_0b126.dir/build.make CMakeFiles/cmTC_0b126.dir/build
make[1] : on entre dans le répertoire « /home/c85980/hpk/src/build/CMakeFiles/CMakeTmp »
Building CXX object CMakeFiles/cmTC_0b126.dir/CheckIncludeFile.cxx.o
/home/c85980/ins_gcc/bin/c++    -g    -o CMakeFiles/cmTC_0b126.dir/CheckIncludeFile.cxx.o -c /home/c85980/hpk/src/build/CMakeFiles/CMakeTmp/CheckIncludeFile.cxx
Linking CXX executable cmTC_0b126
/opt/cmake/3.12.1/bin/cmake -E cmake_link_script CMakeFiles/cmTC_0b126.dir/link.txt --verbose=1
/home/c85980/ins_gcc/bin/c++   -g     CMakeFiles/cmTC_0b126.dir/CheckIncludeFile.cxx.o  -o cmTC_0b126 
make[1] : on quitte le répertoire « /home/c85980/hpk/src/build/CMakeFiles/CMakeTmp »


Determining if the function pthread_create exists in the pthread passed with the following output:
Change Dir: /home/c85980/hpk/src/build/CMakeFiles/CMakeTmp

Run Build Command:"/usr/bin/make" "cmTC_4e72e/fast"
/usr/bin/make -f CMakeFiles/cmTC_4e72e.dir/build.make CMakeFiles/cmTC_4e72e.dir/build
make[1] : on entre dans le répertoire « /home/c85980/hpk/src/build/CMakeFiles/CMakeTmp »
Building CXX object CMakeFiles/cmTC_4e72e.dir/CheckFunctionExists.cxx.o
/home/c85980/ins_gcc/bin/c++    -g -DCHECK_FUNCTION_EXISTS=pthread_create   -o CMakeFiles/cmTC_4e72e.dir/CheckFunctionExists.cxx.o -c /home/c85980/hpk/src/build/CMakeFiles/CheckLibraryExists/CheckFunctionExists.cxx
Linking CXX executable cmTC_4e72e
/opt/cmake/3.12.1/bin/cmake -E cmake_link_script CMakeFiles/cmTC_4e72e.dir/link.txt --verbose=1
/home/c85980/ins_gcc/bin/c++   -g -DCHECK_FUNCTION_EXISTS=pthread_create    CMakeFiles/cmTC_4e72e.dir/CheckFunctionExists.cxx.o  -o cmTC_4e72e -lpthread 
make[1] : on quitte le répertoire « /home/c85980/hpk/src/build/CMakeFiles/CMakeTmp »


