Determining if the pthread_create exist failed with the following output:
Change Dir: /home/c85980/Desk/File_Code/hpk2/hpk/src/build/CMakeFiles/CMakeTmp

Run Build Command:"/usr/bin/make" "cmTC_d60fb/fast"
/usr/bin/make -f CMakeFiles/cmTC_d60fb.dir/build.make CMakeFiles/cmTC_d60fb.dir/build
make[1] : on entre dans le répertoire « /home/c85980/Desk/File_Code/hpk2/hpk/src/build/CMakeFiles/CMakeTmp »
Building CXX object CMakeFiles/cmTC_d60fb.dir/CheckSymbolExists.cxx.o
/home/c85980/ins_gcc/bin/c++     -o CMakeFiles/cmTC_d60fb.dir/CheckSymbolExists.cxx.o -c /home/c85980/Desk/File_Code/hpk2/hpk/src/build/CMakeFiles/CMakeTmp/CheckSymbolExists.cxx
Linking CXX executable cmTC_d60fb
/opt/cmake/3.12.1/bin/cmake -E cmake_link_script CMakeFiles/cmTC_d60fb.dir/link.txt --verbose=1
/home/c85980/ins_gcc/bin/c++       CMakeFiles/cmTC_d60fb.dir/CheckSymbolExists.cxx.o  -o cmTC_d60fb 
CMakeFiles/cmTC_d60fb.dir/CheckSymbolExists.cxx.o : Dans la fonction « main » :
CheckSymbolExists.cxx:(.text+0x16) : référence indéfinie vers « pthread_create »
collect2: erreur: ld a retourné le statut de sortie 1
CMakeFiles/cmTC_d60fb.dir/build.make:86 : la recette pour la cible « cmTC_d60fb » a échouée
make[1]: *** [cmTC_d60fb] Erreur 1
make[1] : on quitte le répertoire « /home/c85980/Desk/File_Code/hpk2/hpk/src/build/CMakeFiles/CMakeTmp »
Makefile:121 : la recette pour la cible « cmTC_d60fb/fast » a échouée
make: *** [cmTC_d60fb/fast] Erreur 2

File /home/c85980/Desk/File_Code/hpk2/hpk/src/build/CMakeFiles/CMakeTmp/CheckSymbolExists.cxx:
/* */
#include <pthread.h>

int main(int argc, char** argv)
{
  (void)argv;
#ifndef pthread_create
  return ((int*)(&pthread_create))[argc];
#else
  (void)argc;
  return 0;
#endif
}

Determining if the function pthread_create exists in the pthreads failed with the following output:
Change Dir: /home/c85980/Desk/File_Code/hpk2/hpk/src/build/CMakeFiles/CMakeTmp

Run Build Command:"/usr/bin/make" "cmTC_8a163/fast"
/usr/bin/make -f CMakeFiles/cmTC_8a163.dir/build.make CMakeFiles/cmTC_8a163.dir/build
make[1] : on entre dans le répertoire « /home/c85980/Desk/File_Code/hpk2/hpk/src/build/CMakeFiles/CMakeTmp »
Building CXX object CMakeFiles/cmTC_8a163.dir/CheckFunctionExists.cxx.o
/home/c85980/ins_gcc/bin/c++    -DCHECK_FUNCTION_EXISTS=pthread_create   -o CMakeFiles/cmTC_8a163.dir/CheckFunctionExists.cxx.o -c /home/c85980/Desk/File_Code/hpk2/hpk/src/build/CMakeFiles/CheckLibraryExists/CheckFunctionExists.cxx
Linking CXX executable cmTC_8a163
/opt/cmake/3.12.1/bin/cmake -E cmake_link_script CMakeFiles/cmTC_8a163.dir/link.txt --verbose=1
/home/c85980/ins_gcc/bin/c++   -DCHECK_FUNCTION_EXISTS=pthread_create    CMakeFiles/cmTC_8a163.dir/CheckFunctionExists.cxx.o  -o cmTC_8a163 -lpthreads 
/usr/bin/ld : ne peut trouver -lpthreads
collect2: erreur: ld a retourné le statut de sortie 1
CMakeFiles/cmTC_8a163.dir/build.make:86 : la recette pour la cible « cmTC_8a163 » a échouée
make[1]: *** [cmTC_8a163] Erreur 1
make[1] : on quitte le répertoire « /home/c85980/Desk/File_Code/hpk2/hpk/src/build/CMakeFiles/CMakeTmp »
Makefile:121 : la recette pour la cible « cmTC_8a163/fast » a échouée
make: *** [cmTC_8a163/fast] Erreur 2


